<?xml version="1.0" encoding="UTF-8"?>
<!-- Generated by org.testng.reporters.JUnitXMLReporter -->
<testsuite ignored="0" hostname="DESKTOP-T4N0LE5" failures="0" tests="2" name="BankingApp Test" time="41.197" errors="0" timestamp="2021-11-23T15:01:03 IST">
  <testcase classname="com.inetBanking.testCases.TC_LoginTest_001" name="loginTest" time="3.672"/>
  <testcase classname="com.inetBanking.testCases.TC_AddCustomertest_003" name="addNewCustomer" time="15.553"/>
</testsuite> <!-- BankingApp Test -->
