<?xml version="1.0" encoding="UTF-8"?>
<testng-results ignored="0" total="2" passed="2" failed="0" skipped="0">
  <reporter-output>
  </reporter-output>
  <suite started-at="2021-11-23T15:00:22 IST" name="InetBankingV1" finished-at="2021-11-23T15:01:03 IST" duration-ms="41197">
    <groups>
    </groups>
    <test started-at="2021-11-23T15:00:22 IST" name="BankingApp Test" finished-at="2021-11-23T15:01:03 IST" duration-ms="41197">
      <class name="com.inetBanking.testCases.TC_LoginTest_001">
        <test-method is-config="true" signature="setup(java.lang.String)[pri:0, instance:com.inetBanking.testCases.TC_LoginTest_001@1aafa419]" started-at="2021-11-23T15:00:23 IST" name="setup" finished-at="2021-11-23T15:00:34 IST" duration-ms="11032" status="PASS">
          <params>
            <param index="0">
              <value>
                <![CDATA[chrome]]>
              </value>
            </param>
          </params>
          <reporter-output>
          </reporter-output>
        </test-method> <!-- setup -->
        <test-method signature="loginTest()[pri:0, instance:com.inetBanking.testCases.TC_LoginTest_001@1aafa419]" started-at="2021-11-23T15:00:34 IST" name="loginTest" finished-at="2021-11-23T15:00:37 IST" duration-ms="3672" status="PASS">
          <reporter-output>
          </reporter-output>
        </test-method> <!-- loginTest -->
        <test-method is-config="true" signature="tearDown()[pri:0, instance:com.inetBanking.testCases.TC_LoginTest_001@1aafa419]" started-at="2021-11-23T15:00:37 IST" name="tearDown" finished-at="2021-11-23T15:00:38 IST" duration-ms="236" status="PASS">
          <reporter-output>
          </reporter-output>
        </test-method> <!-- tearDown -->
      </class> <!-- com.inetBanking.testCases.TC_LoginTest_001 -->
      <class name="com.inetBanking.testCases.TC_AddCustomertest_003">
        <test-method is-config="true" signature="setup(java.lang.String)[pri:0, instance:com.inetBanking.testCases.TC_AddCustomertest_003@14cd1699]" started-at="2021-11-23T15:00:38 IST" name="setup" finished-at="2021-11-23T15:00:47 IST" duration-ms="9832" status="PASS">
          <params>
            <param index="0">
              <value>
                <![CDATA[chrome]]>
              </value>
            </param>
          </params>
          <reporter-output>
          </reporter-output>
        </test-method> <!-- setup -->
        <test-method signature="addNewCustomer()[pri:0, instance:com.inetBanking.testCases.TC_AddCustomertest_003@14cd1699]" started-at="2021-11-23T15:00:47 IST" name="addNewCustomer" finished-at="2021-11-23T15:01:03 IST" duration-ms="15553" status="PASS">
          <reporter-output>
          </reporter-output>
        </test-method> <!-- addNewCustomer -->
        <test-method is-config="true" signature="tearDown()[pri:0, instance:com.inetBanking.testCases.TC_AddCustomertest_003@14cd1699]" started-at="2021-11-23T15:01:03 IST" name="tearDown" finished-at="2021-11-23T15:01:03 IST" duration-ms="239" status="PASS">
          <reporter-output>
          </reporter-output>
        </test-method> <!-- tearDown -->
      </class> <!-- com.inetBanking.testCases.TC_AddCustomertest_003 -->
    </test> <!-- BankingApp Test -->
  </suite> <!-- InetBankingV1 -->
</testng-results>
